2023-12-01 20:35:24,557 - INFO - Scheduler started
2023-12-01 20:35:24,584 - INFO - [31m[1mWARNING: This is a development server. Do not use it in a production deployment. Use a production WSGI server instead.[0m
 * Running on http://127.0.0.1:5001
2023-12-01 20:35:24,584 - INFO - [33mPress CTRL+C to quit[0m
2023-12-01 20:43:48,746 - INFO - Scheduler started
2023-12-01 20:43:48,747 - ERROR - An error occurred: Working outside of application context.

This typically means that you attempted to use functionality that needed
the current application. To solve this, set up an application context
with app.app_context(). See the documentation for more information.
2023-12-01 20:45:29,334 - ERROR - An error occurred: Working outside of application context.

This typically means that you attempted to use functionality that needed
the current application. To solve this, set up an application context
with app.app_context(). See the documentation for more information.
2023-12-01 20:45:29,334 - ERROR - An error occurred: Working outside of application context.

This typically means that you attempted to use functionality that needed
the current application. To solve this, set up an application context
with app.app_context(). See the documentation for more information.
2023-12-01 20:45:29,334 - INFO - Scheduler stopped
2023-12-01 20:45:48,002 - INFO - Scheduler started
2023-12-01 20:45:48,002 - ERROR - An error occurred: Working outside of application context.

This typically means that you attempted to use functionality that needed
the current application. To solve this, set up an application context
with app.app_context(). See the documentation for more information.
2023-12-01 20:46:16,917 - INFO - Scheduler started
2023-12-01 20:46:16,939 - INFO - [31m[1mWARNING: This is a development server. Do not use it in a production deployment. Use a production WSGI server instead.[0m
 * Running on http://127.0.0.1:5001
2023-12-01 20:46:16,939 - INFO - [33mPress CTRL+C to quit[0m
2023-12-01 20:48:57,240 - ERROR - An error occurred: Working outside of application context.

This typically means that you attempted to use functionality that needed
the current application. To solve this, set up an application context
with app.app_context(). See the documentation for more information.
2023-12-01 20:48:57,240 - ERROR - An error occurred: Working outside of application context.

This typically means that you attempted to use functionality that needed
the current application. To solve this, set up an application context
with app.app_context(). See the documentation for more information.
2023-12-01 20:48:57,240 - INFO - Scheduler stopped
2023-12-01 20:50:38,944 - INFO - Scheduler started
2023-12-01 20:50:38,955 - INFO - [31m[1mWARNING: This is a development server. Do not use it in a production deployment. Use a production WSGI server instead.[0m
 * Running on http://127.0.0.1:5001
2023-12-01 20:50:38,956 - INFO - [33mPress CTRL+C to quit[0m
2023-12-01 20:51:08,478 - ERROR - An error occurred: Working outside of application context.

This typically means that you attempted to use functionality that needed
the current application. To solve this, set up an application context
with app.app_context(). See the documentation for more information.
2023-12-01 20:51:08,478 - ERROR - An error occurred: Working outside of application context.

This typically means that you attempted to use functionality that needed
the current application. To solve this, set up an application context
with app.app_context(). See the documentation for more information.
2023-12-01 20:51:08,479 - INFO - Scheduler stopped
2023-12-01 20:52:48,368 - INFO - Scheduler started
2023-12-01 20:52:48,369 - ERROR - An error occurred: Working outside of application context.

This typically means that you attempted to use functionality that needed
the current application. To solve this, set up an application context
with app.app_context(). See the documentation for more information.
2023-12-01 20:52:48,381 - INFO - [31m[1mWARNING: This is a development server. Do not use it in a production deployment. Use a production WSGI server instead.[0m
 * Running on http://127.0.0.1:5001
2023-12-01 20:52:48,381 - INFO - [33mPress CTRL+C to quit[0m
2023-12-01 20:52:58,367 - ERROR - An error occurred: Working outside of application context.

This typically means that you attempted to use functionality that needed
the current application. To solve this, set up an application context
with app.app_context(). See the documentation for more information.
2023-12-09 12:56:38,781 - INFO - Scheduler started
2023-12-09 12:56:38,781 - ERROR - An error occurred: Working outside of application context.

This typically means that you attempted to use functionality that needed
the current application. To solve this, set up an application context
with app.app_context(). See the documentation for more information.
2023-12-09 12:56:38,801 - INFO - [31m[1mWARNING: This is a development server. Do not use it in a production deployment. Use a production WSGI server instead.[0m
 * Running on http://127.0.0.1:5001
2023-12-09 12:56:38,801 - INFO - [33mPress CTRL+C to quit[0m
2023-12-09 12:56:48,789 - ERROR - An error occurred: Working outside of application context.

This typically means that you attempted to use functionality that needed
the current application. To solve this, set up an application context
with app.app_context(). See the documentation for more information.
